
D:\AD_EPOS_PRD\DAM_Automations\Monday>"C:\Program Files (x86)\WinSCP\WinSCP.com" /script=D:\AD_EPOS_PRD\DAM_Automations\Monday\scripts\EPOS_FTPGetFiles.txt 
Connecting to api.ad-webreg.jp ...
TLS connection established. Waiting for welcome message...
Connected
Starting the session...
Session started.
Active session: [1] adcf_ftp_user@api.ad-webreg.jp
Selecting files using a path ending with slash is ambiguous. Remove the slash to select the folder. Append * mask to select all files in the folder.
f13                       |            0 B |    0.0 KB/s | binary |   0%
AF13_EPOS_WEB_SALES_20170526.xls |          36 KB | 2281.3 KB/s | binary | 100%
AF13_EPOS_WEB_SALES_20170527.xls |          37 KB | 2387.1 KB/s | binary | 100%
AF13_EPOS_WEB_SALES_20170528.xls |          39 KB |  426.4 KB/s | binary | 100%
Microsoft (R) Windows Script Host Version 5.8
Copyright (C) Microsoft Corporation. All rights reserved.

File name: AF13_EPOS_WEB_SALES_20170526.xls
executed EXEC Load_F13_DAM 'AF13_EPOS_WEB_SALES_20170526.xls'
File name: AF13_EPOS_WEB_SALES_20170527.xls
executed EXEC Load_F13_DAM 'AF13_EPOS_WEB_SALES_20170527.xls'
File name: AF13_EPOS_WEB_SALES_20170528.xls
executed EXEC Load_F13_DAM 'AF13_EPOS_WEB_SALES_20170528.xls'
executed EXEC DAM_EposDaily_Report 3
2.Copy_load_Create_Report Finished Sucessfull!
Microsoft (R) Windows Script Host Version 5.8
Copyright (C) Microsoft Corporation. All rights reserved.

FILE: D:\AD_EPOS_PRD\DATA_AREA\IN\DAM\f13\AF13_EPOS_WEB_SALES_20170528.xls
FILE: D:\AD_EPOS_PRD\DATA_AREA\IN\DAM\f13\AF13_EPOS_WEB_SALES_20170527.xls
FILE: D:\AD_EPOS_PRD\DATA_AREA\IN\DAM\f13\AF13_EPOS_WEB_SALES_20170526.xls
REPORT_FILE: \\172.31.31.159\shared\DAM_EPOS\reports\\WEB_EPOS_Sales_20170528\WEB_EPOS_Sales_20170528.xls
Microsoft (R) Windows Script Host Version 5.8
Copyright (C) Microsoft Corporation. All rights reserved.

emailF13 Sent
emailEpos Web Sales Sent
emailDAM Sales Report Sent
Finished Sucessfull!
